[[1;34mINFO[m] Scanning for projects...
[[1;34mINFO[m] 
[[1;34mINFO[m] [1m--------------------< [0;36mcom.smarthealth:smart-health[0;1m >--------------------[m
[[1;34mINFO[m] [1mBuilding  0.0.1-SNAPSHOT[m
[[1;34mINFO[m] [1m--------------------------------[ jar ]---------------------------------[m
[[1;34mINFO[m] 
[[1;34mINFO[m] [1m--- [0;32mmaven-clean-plugin:3.4.1:clean[m [1m(default-clean)[m @ [36msmart-health[0;1m ---[m
[[1;34mINFO[m] Deleting /home/shadhinlab/Personal/Smart Health/smart-health/target
[[1;34mINFO[m] 
[[1;34mINFO[m] [1m>>> [0;32mspring-boot-maven-plugin:3.5.13:run[m [1m(default-cli)[0;1m > [0;1mtest-compile[m @ [36msmart-health[0;1m >>>[m
[[1;34mINFO[m] 
[[1;34mINFO[m] [1m--- [0;32mmaven-resources-plugin:3.3.1:resources[m [1m(default-resources)[m @ [36msmart-health[0;1m ---[m
[[1;34mINFO[m] Copying 2 resources from src/main/resources to target/classes
[[1;34mINFO[m] Copying 1 resource from src/main/resources to target/classes
[[1;34mINFO[m] 
[[1;34mINFO[m] [1m--- [0;32mmaven-compiler-plugin:3.14.1:compile[m [1m(default-compile)[m @ [36msmart-health[0;1m ---[m
[[1;34mINFO[m] Recompiling the module because of [1mchanged source code[m.
[[1;34mINFO[m] Compiling 33 source files with javac [debug parameters release 21] to target/classes
[[1;34mINFO[m] 
[[1;34mINFO[m] [1m--- [0;32mmaven-resources-plugin:3.3.1:testResources[m [1m(default-testResources)[m @ [36msmart-health[0;1m ---[m
[[1;34mINFO[m] skip non existing resourceDirectory /home/shadhinlab/Personal/Smart Health/smart-health/src/test/resources
[[1;34mINFO[m] 
[[1;34mINFO[m] [1m--- [0;32mmaven-compiler-plugin:3.14.1:testCompile[m [1m(default-testCompile)[m @ [36msmart-health[0;1m ---[m
[[1;34mINFO[m] Recompiling the module because of [1mchanged dependency[m.
[[1;34mINFO[m] Compiling 1 source file with javac [debug parameters release 21] to target/test-classes
[[1;34mINFO[m] 
[[1;34mINFO[m] [1m<<< [0;32mspring-boot-maven-plugin:3.5.13:run[m [1m(default-cli)[0;1m < [0;1mtest-compile[m @ [36msmart-health[0;1m <<<[m
[[1;34mINFO[m] 
[[1;34mINFO[m] 
[[1;34mINFO[m] [1m--- [0;32mspring-boot-maven-plugin:3.5.13:run[m [1m(default-cli)[m @ [36msmart-health[0;1m ---[m
[[1;34mINFO[m] Attaching agents: []

  .   ____          _            __ _ _
 /\\ / ___'_ __ _ _(_)_ __  __ _ \ \ \ \
( ( )\___ | '_ | '_| | '_ \/ _` | \ \ \ \
 \\/  ___)| |_)| | | | | || (_| |  ) ) ) )
  '  |____| .__|_| |_|_| |_\__, | / / / /
 =========|_|==============|___/=/_/_/_/

 :: Spring Boot ::               (v3.5.13)

2026-04-06T21:49:26.373+06:00  INFO 7371 --- [smart-health] [           main] com.smarthealth.SmartHealthApplication   : Starting SmartHealthApplication using Java 21.0.10 with PID 7371 (/home/shadhinlab/Personal/Smart Health/smart-health/target/classes started by shadhinlab in /home/shadhinlab/Personal/Smart Health/smart-health)
2026-04-06T21:49:26.375+06:00  INFO 7371 --- [smart-health] [           main] com.smarthealth.SmartHealthApplication   : The following 1 profile is active: "dev"
2026-04-06T21:49:27.367+06:00  INFO 7371 --- [smart-health] [           main] .s.d.r.c.RepositoryConfigurationDelegate : Multiple Spring Data modules found, entering strict repository configuration mode
2026-04-06T21:49:27.369+06:00  INFO 7371 --- [smart-health] [           main] .s.d.r.c.RepositoryConfigurationDelegate : Bootstrapping Spring Data Elasticsearch repositories in DEFAULT mode.
2026-04-06T21:49:27.393+06:00  INFO 7371 --- [smart-health] [           main] .RepositoryConfigurationExtensionSupport : Spring Data Elasticsearch - Could not safely identify store assignment for repository candidate interface com.smarthealth.auth.repository.RoleRepository; If you want this repository to be a Elasticsearch repository, consider annotating your entities with one of these annotations: org.springframework.data.elasticsearch.annotations.Document (preferred), or consider extending one of the following types with your repository: org.springframework.data.elasticsearch.repository.ElasticsearchRepository
2026-04-06T21:49:27.395+06:00  INFO 7371 --- [smart-health] [           main] .RepositoryConfigurationExtensionSupport : Spring Data Elasticsearch - Could not safely identify store assignment for repository candidate interface com.smarthealth.auth.repository.UserRepository; If you want this repository to be a Elasticsearch repository, consider annotating your entities with one of these annotations: org.springframework.data.elasticsearch.annotations.Document (preferred), or consider extending one of the following types with your repository: org.springframework.data.elasticsearch.repository.ElasticsearchRepository
2026-04-06T21:49:27.395+06:00  INFO 7371 --- [smart-health] [           main] .s.d.r.c.RepositoryConfigurationDelegate : Finished Spring Data repository scanning in 22 ms. Found 0 Elasticsearch repository interfaces.
2026-04-06T21:49:27.398+06:00  INFO 7371 --- [smart-health] [           main] .s.d.r.c.RepositoryConfigurationDelegate : Multiple Spring Data modules found, entering strict repository configuration mode
2026-04-06T21:49:27.398+06:00  INFO 7371 --- [smart-health] [           main] .s.d.r.c.RepositoryConfigurationDelegate : Bootstrapping Spring Data Reactive Elasticsearch repositories in DEFAULT mode.
2026-04-06T21:49:27.402+06:00  INFO 7371 --- [smart-health] [           main] .RepositoryConfigurationExtensionSupport : Spring Data Reactive Elasticsearch - Could not safely identify store assignment for repository candidate interface com.smarthealth.auth.repository.RoleRepository; If you want this repository to be a Reactive Elasticsearch repository, consider annotating your entities with one of these annotations: org.springframework.data.elasticsearch.annotations.Document (preferred), or consider extending one of the following types with your repository: org.springframework.data.elasticsearch.repository.ReactiveElasticsearchRepository
2026-04-06T21:49:27.403+06:00  INFO 7371 --- [smart-health] [           main] .RepositoryConfigurationExtensionSupport : Spring Data Reactive Elasticsearch - Could not safely identify store assignment for repository candidate interface com.smarthealth.auth.repository.UserRepository; If you want this repository to be a Reactive Elasticsearch repository, consider annotating your entities with one of these annotations: org.springframework.data.elasticsearch.annotations.Document (preferred), or consider extending one of the following types with your repository: org.springframework.data.elasticsearch.repository.ReactiveElasticsearchRepository
2026-04-06T21:49:27.403+06:00  INFO 7371 --- [smart-health] [           main] .s.d.r.c.RepositoryConfigurationDelegate : Finished Spring Data repository scanning in 3 ms. Found 0 Reactive Elasticsearch repository interfaces.
2026-04-06T21:49:27.407+06:00  INFO 7371 --- [smart-health] [           main] .s.d.r.c.RepositoryConfigurationDelegate : Multiple Spring Data modules found, entering strict repository configuration mode
2026-04-06T21:49:27.408+06:00  INFO 7371 --- [smart-health] [           main] .s.d.r.c.RepositoryConfigurationDelegate : Bootstrapping Spring Data JPA repositories in DEFAULT mode.
2026-04-06T21:49:27.468+06:00  INFO 7371 --- [smart-health] [           main] .s.d.r.c.RepositoryConfigurationDelegate : Finished Spring Data repository scanning in 57 ms. Found 2 JPA repository interfaces.
2026-04-06T21:49:27.477+06:00  INFO 7371 --- [smart-health] [           main] .s.d.r.c.RepositoryConfigurationDelegate : Multiple Spring Data modules found, entering strict repository configuration mode
2026-04-06T21:49:27.477+06:00  INFO 7371 --- [smart-health] [           main] .s.d.r.c.RepositoryConfigurationDelegate : Bootstrapping Spring Data Redis repositories in DEFAULT mode.
2026-04-06T21:49:27.484+06:00  INFO 7371 --- [smart-health] [           main] .RepositoryConfigurationExtensionSupport : Spring Data Redis - Could not safely identify store assignment for repository candidate interface com.smarthealth.auth.repository.RoleRepository; If you want this repository to be a Redis repository, consider annotating your entities with one of these annotations: org.springframework.data.redis.core.RedisHash (preferred), or consider extending one of the following types with your repository: org.springframework.data.keyvalue.repository.KeyValueRepository
2026-04-06T21:49:27.485+06:00  INFO 7371 --- [smart-health] [           main] .RepositoryConfigurationExtensionSupport : Spring Data Redis - Could not safely identify store assignment for repository candidate interface com.smarthealth.auth.repository.UserRepository; If you want this repository to be a Redis repository, consider annotating your entities with one of these annotations: org.springframework.data.redis.core.RedisHash (preferred), or consider extending one of the following types with your repository: org.springframework.data.keyvalue.repository.KeyValueRepository
2026-04-06T21:49:27.485+06:00  INFO 7371 --- [smart-health] [           main] .s.d.r.c.RepositoryConfigurationDelegate : Finished Spring Data repository scanning in 2 ms. Found 0 Redis repository interfaces.
2026-04-06T21:49:27.920+06:00  INFO 7371 --- [smart-health] [           main] o.s.b.w.embedded.tomcat.TomcatWebServer  : Tomcat initialized with port 8080 (http)
2026-04-06T21:49:27.931+06:00  INFO 7371 --- [smart-health] [           main] o.apache.catalina.core.StandardService   : Starting service [Tomcat]
2026-04-06T21:49:27.932+06:00  INFO 7371 --- [smart-health] [           main] o.apache.catalina.core.StandardEngine    : Starting Servlet engine: [Apache Tomcat/10.1.53]
2026-04-06T21:49:27.964+06:00  INFO 7371 --- [smart-health] [           main] o.a.c.c.C.[Tomcat].[localhost].[/]       : Initializing Spring embedded WebApplicationContext
2026-04-06T21:49:27.965+06:00  INFO 7371 --- [smart-health] [           main] w.s.c.ServletWebServerApplicationContext : Root WebApplicationContext: initialization completed in 1559 ms
2026-04-06T21:49:28.175+06:00  INFO 7371 --- [smart-health] [           main] com.zaxxer.hikari.HikariDataSource       : HikariPool-1 - Starting...
2026-04-06T21:49:28.268+06:00  INFO 7371 --- [smart-health] [           main] com.zaxxer.hikari.pool.HikariPool        : HikariPool-1 - Added connection org.postgresql.jdbc.PgConnection@40d10264
2026-04-06T21:49:28.269+06:00  INFO 7371 --- [smart-health] [           main] com.zaxxer.hikari.HikariDataSource       : HikariPool-1 - Start completed.
2026-04-06T21:49:28.290+06:00  INFO 7371 --- [smart-health] [           main] org.flywaydb.core.FlywayExecutor         : Database: jdbc:postgresql://localhost:5433/smart_health (PostgreSQL 16.13)
2026-04-06T21:49:28.319+06:00  INFO 7371 --- [smart-health] [           main] o.f.core.internal.command.DbValidate     : Successfully validated 1 migration (execution time 00:00.017s)
2026-04-06T21:49:28.355+06:00  INFO 7371 --- [smart-health] [           main] o.f.core.internal.command.DbMigrate      : Current version of schema "public": 1
2026-04-06T21:49:28.357+06:00  INFO 7371 --- [smart-health] [           main] o.f.core.internal.command.DbMigrate      : Schema "public" is up to date. No migration necessary.
2026-04-06T21:49:28.423+06:00  INFO 7371 --- [smart-health] [           main] o.hibernate.jpa.internal.util.LogHelper  : HHH000204: Processing PersistenceUnitInfo [name: default]
2026-04-06T21:49:28.450+06:00  INFO 7371 --- [smart-health] [           main] org.hibernate.Version                    : HHH000412: Hibernate ORM core version 6.6.45.Final
2026-04-06T21:49:28.471+06:00  INFO 7371 --- [smart-health] [           main] o.h.c.internal.RegionFactoryInitiator    : HHH000026: Second-level cache disabled
2026-04-06T21:49:28.622+06:00  INFO 7371 --- [smart-health] [           main] o.s.o.j.p.SpringPersistenceUnitInfo      : No LoadTimeWeaver setup: ignoring JPA class transformer
2026-04-06T21:49:28.669+06:00  INFO 7371 --- [smart-health] [           main] org.hibernate.orm.connections.pooling    : HHH10001005: Database info:
	Database JDBC URL [Connecting through datasource 'HikariDataSource (HikariPool-1)']
	Database driver: undefined/unknown
	Database version: 16.13
	Autocommit mode: undefined/unknown
	Isolation level: undefined/unknown
	Minimum pool size: undefined/unknown
	Maximum pool size: undefined/unknown
2026-04-06T21:49:29.283+06:00  INFO 7371 --- [smart-health] [           main] o.h.e.t.j.p.i.JtaPlatformInitiator       : HHH000489: No JTA platform available (set 'hibernate.transaction.jta.platform' to enable JTA platform integration)
2026-04-06T21:49:29.306+06:00  INFO 7371 --- [smart-health] [           main] j.LocalContainerEntityManagerFactoryBean : Initialized JPA EntityManagerFactory for persistence unit 'default'
2026-04-06T21:49:29.548+06:00 TRACE 7371 --- [smart-health] [           main] eGlobalAuthenticationAutowiredConfigurer : Eagerly initializing {securityConfig=com.smarthealth.security.config.SecurityConfig$$SpringCGLIB$$0@626a4e0a}
2026-04-06T21:49:29.555+06:00  INFO 7371 --- [smart-health] [           main] r$InitializeUserDetailsManagerConfigurer : Global AuthenticationManager configured with UserDetailsService bean with name dbUserDetailsService
2026-04-06T21:49:29.903+06:00  INFO 7371 --- [smart-health] [           main] o.s.b.a.e.web.EndpointLinksResolver      : Exposing 2 endpoints beneath base path '/actuator'
2026-04-06T21:49:30.009+06:00 DEBUG 7371 --- [smart-health] [           main] o.s.s.web.DefaultSecurityFilterChain     : Will secure any request with filters: DisableEncodeUrlFilter, WebAsyncManagerIntegrationFilter, SecurityContextHolderFilter, HeaderWriterFilter, LogoutFilter, JwtAuthFilter, RequestCacheAwareFilter, SecurityContextHolderAwareRequestFilter, AnonymousAuthenticationFilter, SessionManagementFilter, ExceptionTranslationFilter, AuthorizationFilter
2026-04-06T21:49:30.745+06:00  INFO 7371 --- [smart-health] [           main] o.s.b.w.embedded.tomcat.TomcatWebServer  : Tomcat started on port 8080 (http) with context path '/'
2026-04-06T21:49:30.756+06:00  INFO 7371 --- [smart-health] [           main] com.smarthealth.SmartHealthApplication   : Started SmartHealthApplication in 4.667 seconds (process running for 4.932)
==== SecurityFilterChain beans (1) ====
 - securityFilterChain -> org.springframework.security.web.DefaultSecurityFilterChain
==========================================
2026-04-06T21:49:30.900+06:00  WARN 7371 --- [smart-health] [           main] o.s.core.events.SpringDocAppInitializer  : SpringDoc /v3/api-docs endpoint is enabled by default. To disable it in production, set the property 'springdoc.api-docs.enabled=false'
2026-04-06T21:49:30.901+06:00  WARN 7371 --- [smart-health] [           main] o.s.core.events.SpringDocAppInitializer  : SpringDoc /swagger-ui.html endpoint is enabled by default. To disable it in production, set the property 'springdoc.swagger-ui.enabled=false'
